INFO         | Android emulator version 36.1.9.0 (build_id 13823996) (CL:N/A)
INFO         | Graphics backend: gfxstream
INFO         | Found systemPath /Users/dmitry/Library/Android/sdk/system-images/android-36/google_apis_playstore/arm64-v8a/
WARNING      | Please update the emulator to one that supports the feature(s): VulkanVirtualQueue
INFO         | Guest GLES Driver: Auto (ext controls)
library_mode host gpu mode host
INFO         | Checking system compatibility:
INFO         |   Checking: hasSufficientDiskSpace
INFO         |      Ok: Disk space requirements to run avd: `Medium_Phone_API_36.0` are met
INFO         |   Checking: hasSufficientHwGpu
INFO         |      Ok: Hardware GPU requirements to run avd: `Medium_Phone_API_36.0` are passed
INFO         |   Checking: hasSufficientSystem
INFO         |      Ok: System requirements to run avd: `Medium_Phone_API_36.0` are met
INFO         | Warning: QMetaObject::connectSlotsByName: No matching signal for on_btn_xr_environment_living_room_day_clicked() (:0, )
INFO         | Warning: QMetaObject::connectSlotsByName: No matching signal for on_btn_xr_environment_living_room_night_clicked() (:0, )
INFO         | Warning: QMetaObject::connectSlotsByName: No matching signal for on_new_posture_requested(int) (:0, )
INFO         | Warning: QMetaObject::connectSlotsByName: No matching signal for on_dismiss_posture_selection_dialog() (:0, )
INFO         | Warning: QMetaObject::connectSlotsByName: No matching signal for on_new_resizable_requested(PresetEmulatorSizeType) (:0, )
INFO         | Warning: QMetaObject::connectSlotsByName: No matching signal for on_dismiss_resizable_dialog() (:0, )
INFO         | Warning: QMetaObject::connectSlotsByName: No matching signal for on_xr_environment_mode_changed(int) (:0, )
INFO         | Warning: QMetaObject::connectSlotsByName: No matching signal for on_dismiss_xr_environment_mode_dialog() (:0, )
INFO         | Warning: QMetaObject::connectSlotsByName: No matching signal for on_xr_input_mode_changed(int) (:0, )
INFO         | Warning: QMetaObject::connectSlotsByName: No matching signal for on_dismiss_xr_input_mode_dialog() (:0, )
INFO         | Warning: QMetaObject::connectSlotsByName: No matching signal for on_sleep_timer_done() (:0, )
INFO         | Warning: QMetaObject::connectSlotsByName: No matching signal for on_unfold_timer_done() (:0, )
INFO         | Storing crashdata in: /tmp/android-dmitry/emu-crash-36.1.9.db, detection is enabled for process: 41126
INFO         | Initializing hardware OpenGLES emulation support
I0918 22:14:09.543409 d714800 opengles.cpp:291] android_startOpenglesRenderer: gpu info
I0918 22:14:09.543437 d714800 opengles.cpp:292] 
INFO         | HealthMonitor disabled.
INFO         | initIcdPaths: ICD set to 'swiftshader', using Swiftshader ICD
INFO         | Setting ICD filenames for the loader = /Users/dmitry/Library/Android/sdk/emulator/lib64/vulkan/vk_swiftshader_icd.json
INFO         | SharedLibrary::open for [/Users/dmitry/Library/Android/sdk/emulator/qemu/darwin-aarch64/lib64/vulkan/libvulkan.dylib]
INFO         | SharedLibrary::open for [/Users/dmitry/Library/Android/sdk/emulator/qemu/darwin-aarch64/lib64/vulkan/libvulkan.dylib]: not found in map, open for the first time
INFO         | SharedLibrary::open for [/Users/dmitry/Library/Android/sdk/emulator/qemu/darwin-aarch64/lib64/vulkan/libvulkan.dylib] (posix): begin
INFO         | SharedLibrary::open for [/Users/dmitry/Library/Android/sdk/emulator/qemu/darwin-aarch64/lib64/vulkan/libvulkan.dylib] (posix,darwin): call dlopen
INFO         | SharedLibrary::open succeeded for [/Users/dmitry/Library/Android/sdk/emulator/qemu/darwin-aarch64/lib64/vulkan/libvulkan.dylib].
INFO         | Added library: /Users/dmitry/Library/Android/sdk/emulator/qemu/darwin-aarch64/lib64/vulkan/libvulkan.dylib
INFO         | Selecting Vulkan device: SwiftShader Device (LLVM 10.0.0), Version: 1.3.0
INFO         | Disabling sparse binding feature support
INFO         | SharedLibrary::open for [/System/Library/Frameworks/OpenGL.framework/OpenGL]: not found in map, open for the first time
INFO         | SharedLibrary::open for [/System/Library/Frameworks/OpenGL.framework/OpenGL] (posix): begin
INFO         | SharedLibrary::open for [/System/Library/Frameworks/OpenGL.framework/OpenGL] (posix,darwin): call dlopen
INFO         | SharedLibrary::open succeeded for [/System/Library/Frameworks/OpenGL.framework/OpenGL].
INFO         | SharedLibrary::open for [libshadertranslator.dylib]: not found in map, open for the first time
INFO         | SharedLibrary::open for [libshadertranslator.dylib] (posix): begin
INFO         | SharedLibrary::open for [libshadertranslator.dylib] (posix,darwin): call dlopen
INFO         | SharedLibrary::open succeeded for [libshadertranslator.dylib].
INFO         | Initializing VkEmulation features:
INFO         |     glInteropSupported: false
INFO         |     useDeferredCommands: true
INFO         |     createResourceWithRequirements: true
INFO         |     useVulkanComposition: false
INFO         |     useVulkanNativeSwapchain: false
INFO         |     enable guestRenderDoc: false
INFO         |     ASTC LDR emulation mode: Gpu
INFO         |     enable ETC2 emulation: true
INFO         |     enable Ycbcr emulation: false
INFO         |     guestVulkanOnly: false
INFO         |     useDedicatedAllocations: false
INFO         | Graphics Adapter Vendor Google (Apple)
INFO         | Graphics Adapter Android Emulator OpenGL ES Translator (Apple M4)
INFO         | Graphics API Version OpenGL ES 3.0 (4.1 Metal - 90.5)
INFO         | Graphics API Extensions GL_OES_EGL_sync GL_OES_EGL_image GL_OES_EGL_image_external GL_OES_depth24 GL_OES_depth32 GL_OES_element_index_uint GL_OES_texture_float GL_OES_texture_float_linear GL_OES_compressed_paletted_texture GL_OES_compressed_ETC1_RGB8_texture GL_OES_depth_texture GL_OES_texture_npot GL_OES_rgb8_rgba8 GL_EXT_color_buffer_float GL_EXT_color_buffer_half_float GL_EXT_texture_format_BGRA8888 GL_APPLE_texture_format_BGRA8888 
INFO         | Graphics Device Extensions N/A
INFO         | Sending adb public key [QAAAAAOs4TFVoUwm5L5jVw/hA/OgTJvcz7Xi9NaK0xduNRb32ZbNJniEZhAAhmOi+hjPOM1usHUkDZ9yJeJVJF0ROmPEt0r63qrSvPN6gpPfmnyRne9becUMWUV35KNpD4DXwnRGealeicZ24hgmHf/b1Fhac8pozUPbbC9mqWcHvp98keK0iIzZy6F9bWpMQRafWUlK5is3L+PjoCQ+52ntGjZkU+WM1bt1lxk7hDCnEFr+cFO1CUsf6udPdnUq3hdDp4p6GYXEF7U62AkqpjHNZl4Sine0t+DnFCE6iVmDZpBTolfFn7wUjtUocmcH8WDjjN9i9xei9oVSmd8S4zSOc+mfcYvBdPLSlncXd/EcBj+LMQpKu5phjZPyUFXHxpUXQ1Po7rJex9pcbYBo+3TM78y2pIoNE9eIvqoO4lKSQZ7K/kbZuCrUS1PyrC4o41gNRQSZzQbuklRKTOwtn8SI4PfSthpz7IoiT10lwcrc/uH3OEjCVfnaknSDO0cZtFlEsKNannTwIrsb8+cVOGMtaHYCQu7zV6auB+JFXXDVGTRO7afkrsGp8y/yovnDUdjcLtAchcd/HKjH82KZNHB06BLEJnRhmsb2w4MHNFy00eICxMR2cMDGzt1fffu0fRwaVvyrc0rvAfictewmDAMJ4Nte+bQcrRndaLboOKnglffopK+kswEAAQA= dmitry@unknown]
I0918 22:14:09.643943 d714800 userspace-boot-properties.cpp:766] Userspace boot properties:
I0918 22:14:09.643951 d714800 userspace-boot-properties.cpp:770]   androidboot.boot_devices=a003600.virtio_mmio
I0918 22:14:09.643954 d714800 userspace-boot-properties.cpp:770]   androidboot.dalvik.vm.heapsize=512m
I0918 22:14:09.643956 d714800 userspace-boot-properties.cpp:770]   androidboot.debug.hwui.renderer=skiagl
I0918 22:14:09.643958 d714800 userspace-boot-properties.cpp:770]   androidboot.hardware=ranchu
I0918 22:14:09.643960 d714800 userspace-boot-properties.cpp:770]   androidboot.hardware.gltransport=pipe
I0918 22:14:09.643962 d714800 userspace-boot-properties.cpp:770]   androidboot.hardware.vulkan=ranchu
I0918 22:14:09.643964 d714800 userspace-boot-properties.cpp:770]   androidboot.logcat=*:V
I0918 22:14:09.643966 d714800 userspace-boot-properties.cpp:770]   androidboot.opengles.version=196608
I0918 22:14:09.643967 d714800 userspace-boot-properties.cpp:770]   androidboot.qemu=1
I0918 22:14:09.643969 d714800 userspace-boot-properties.cpp:770]   androidboot.qemu.adb.pubkey=QAAAAAOs4TFVoUwm5L5jVw/hA/OgTJvcz7Xi9NaK0xduNRb32ZbNJniEZhAAhmOi+hjPOM1usHUkDZ9yJeJVJF0ROmPEt0r63qrSvPN6gpPfmnyRne9becUMWUV35KNpD4DXwnRGealeicZ24hgmHf/b1Fhac8pozUPbbC9mqWcHvp98keK0iIzZy6F9bWpMQRafWUlK5is3L+PjoCQ+52ntGjZkU+WM1bt1lxk7hDCnEFr+cFO1CUsf6udPdnUq3hdDp4p6GYXEF7U62AkqpjHNZl4Sine0t+DnFCE6iVmDZpBTolfFn7wUjtUocmcH8WDjjN9i9xei9oVSmd8S4zSOc+mfcYvBdPLSlncXd/EcBj+LMQpKu5phjZPyUFXHxpUXQ1Po7rJex9pcbYBo+3TM78y2pIoNE9eIvqoO4lKSQZ7K/kbZuCrUS1PyrC4o41gNRQSZzQbuklRKTOwtn8SI4PfSthpz7IoiT10lwcrc/uH3OEjCVfnaknSDO0cZtFlEsKNannTwIrsb8+cVOGMtaHYCQu7zV6auB+JFXXDVGTRO7afkrsGp8y/yovnDUdjcLtAchcd/HKjH82KZNHB06BLEJnRhmsb2w4MHNFy00eICxMR2cMDGzt1fffu0fRwaVvyrc0rvAfictewmDAMJ4Nte+bQcrRndaLboOKnglffopK+kswEAAQA= dmitry@unknown
I0918 22:14:09.643980 d714800 userspace-boot-properties.cpp:770]   androidboot.qemu.avd_name=Medium_Phone_API_36.0
I0918 22:14:09.643982 d714800 userspace-boot-properties.cpp:770]   androidboot.qemu.camera_hq_edge_processing=0
I0918 22:14:09.643983 d714800 userspace-boot-properties.cpp:770]   androidboot.qemu.camera_protocol_ver=1
I0918 22:14:09.643985 d714800 userspace-boot-properties.cpp:770]   androidboot.qemu.cpuvulkan.version=4202496
I0918 22:14:09.643986 d714800 userspace-boot-properties.cpp:770]   androidboot.qemu.gltransport.drawFlushInterval=800
I0918 22:14:09.643988 d714800 userspace-boot-properties.cpp:770]   androidboot.qemu.gltransport.name=pipe
I0918 22:14:09.643990 d714800 userspace-boot-properties.cpp:770]   androidboot.qemu.hwcodec.avcdec=2
I0918 22:14:09.643991 d714800 userspace-boot-properties.cpp:770]   androidboot.qemu.hwcodec.hevcdec=2
I0918 22:14:09.643993 d714800 userspace-boot-properties.cpp:770]   androidboot.qemu.hwcodec.vpxdec=2
I0918 22:14:09.643994 d714800 userspace-boot-properties.cpp:770]   androidboot.qemu.settings.system.screen_off_timeout=2147483647
I0918 22:14:09.643996 d714800 userspace-boot-properties.cpp:770]   androidboot.qemu.virtiowifi=1
I0918 22:14:09.643998 d714800 userspace-boot-properties.cpp:770]   androidboot.qemu.vsync=60
I0918 22:14:09.643999 d714800 userspace-boot-properties.cpp:770]   androidboot.serialno=EMULATOR36X1X9X0
I0918 22:14:09.644001 d714800 userspace-boot-properties.cpp:770]   androidboot.vbmeta.digest=6b98218b46c523e17f8b4a810c5a51b4af28f327c436ce0d286bf937f545cfd7
I0918 22:14:09.644003 d714800 userspace-boot-properties.cpp:770]   androidboot.vbmeta.hash_alg=sha256
I0918 22:14:09.644005 d714800 userspace-boot-properties.cpp:770]   androidboot.vbmeta.size=6720
I0918 22:14:09.644006 d714800 userspace-boot-properties.cpp:770]   androidboot.veritymode=enforcing
INFO         | Monitoring duration of emulator setup.
WARNING      | The emulator now requires a signed jwt token for gRPC access! Use the -grpc flag if you really want an open unprotected grpc port
INFO         | Using security allow list from: /Users/dmitry/Library/Android/sdk/emulator/lib/emulator_access.json
WARNING      | *** Basic token auth should only be used by android-studio ***
INFO         | The active JSON Web Key Sets can be found here: /Users/dmitry/Library/Caches/TemporaryItems/avd/running/41126/jwks/3f4ea5a0-b104-476d-99a3-7fd7df4717c2/active.jwk
INFO         | Scanning /Users/dmitry/Library/Caches/TemporaryItems/avd/running/41126/jwks/3f4ea5a0-b104-476d-99a3-7fd7df4717c2 for jwk keys.
INFO         | Started GRPC server at 127.0.0.1:8554, security: Local, auth: +token
INFO         | Advertising in: /Users/dmitry/Library/Caches/TemporaryItems/avd/running/pid_41126.ini
INFO         | Setting display: 0 configuration to: 1080x2400, dpi: 420x420 
INFO         | setDisplayActiveConfig 0
INFO         | Checking system compatibility:
INFO         |   Checking: hasSufficientDiskSpace
INFO         |      Ok: Disk space requirements to run avd: `Medium_Phone_API_36.0` are met
INFO         |   Checking: hasSufficientHwGpu
INFO         |      Ok: Hardware GPU requirements to run avd: `Medium_Phone_API_36.0` are passed
INFO         |   Checking: hasSufficientSystem
INFO         |      Ok: System requirements to run avd: `Medium_Phone_API_36.0` are met
INFO         | Loading snapshot 'default_boot'...
INFO         | OpenGL Vendor=[Google (Apple)]
INFO         | OpenGL Renderer=[Android Emulator OpenGL ES Translator (Apple M4)]
INFO         | OpenGL Version=[OpenGL ES 3.0 (4.1 Metal - 90.5)]
WARNING      | Device 'encrypt' does not have the requested snapshot 'default_boot'

WARNING      | Failed to load snapshot 'default_boot'
WARNING      | adb command '/Users/dmitry/Library/Android/sdk/platform-tools/adb -s emulator-5554 shell am start-foreground-service -e meter on com.android.emulator.radio.config/.MeterService ' failed: 'adb: device offline'
INFO         | Activated packet streamer for uwb emulation
INFO         | Activated packet streamer for bluetooth emulation
INFO         | Boot completed in 15041 ms
INFO         | Increasing screen off timeout, logcat buffer size to 2M.
INFO         | Warning: skipping QEventPoint(id=1 ts=0 pos=0,0 scn=228.881,332.904 gbl=228.881,332.904 Released ellipse=(1x1 ∡ 0) vel=0,0 press=-228.881,-332.904 last=-228.881,-332.904 Δ 228.881,332.904) : no target window (:0, )
INFO         | Warning: skipping QEventPoint(id=1 ts=0 pos=0,0 scn=317.858,613.905 gbl=317.858,613.905 Released ellipse=(1x1 ∡ 0) vel=0,0 press=-317.858,-613.905 last=-317.858,-613.905 Δ 317.858,613.905) : no target window (:0, )
INFO         | Warning: skipping QEventPoint(id=1 ts=0 pos=0,0 scn=463.609,689.548 gbl=463.609,689.548 Released ellipse=(1x1 ∡ 0) vel=0,0 press=-463.609,-689.548 last=-463.609,-689.548 Δ 463.609,689.548) : no target window (:0, )
INFO         | Warning: QMetaObject::connectSlotsByName: No matching signal for on_rgbcSensorValueWidget_valueChanged() (:0, )
INFO         | Warning: QMetaObject::connectSlotsByName: No matching signal for on_posture_valueChanged(int) (:0, )
INFO         | AVD supportsNativeGLES=1, supportsGuestAngle=1
INFO         | Guest Angle is still unstable for API > 35.
INFO         | Warning: skipping QEventPoint(id=1 ts=0 pos=0,0 scn=436.268,498.312 gbl=436.268,498.312 Released ellipse=(1x1 ∡ 0) vel=0,0 press=-436.268,-498.312 last=-436.268,-498.312 Δ 436.268,498.312) : no target window (:0, )
INFO         | Warning: skipping QEventPoint(id=1 ts=0 pos=0,0 scn=287.205,347.76 gbl=287.205,347.76 Released ellipse=(1x1 ∡ 0) vel=0,0 press=-287.205,-347.76 last=-287.205,-347.76 Δ 287.205,347.76) : no target window (:0, )
INFO         | Warning: skipping QEventPoint(id=1 ts=0 pos=0,0 scn=361.99,454.661 gbl=361.99,454.661 Released ellipse=(1x1 ∡ 0) vel=0,0 press=-361.99,-454.661 last=-361.99,-454.661 Δ 361.99,454.661) : no target window (:0, )
INFO         | Warning: skipping QEventPoint(id=1 ts=0 pos=0,0 scn=414.55,742.788 gbl=414.55,742.788 Released ellipse=(1x1 ∡ 0) vel=0,0 press=-414.55,-742.788 last=-414.55,-742.788 Δ 414.55,742.788) : no target window (:0, )
INFO         | Warning: skipping QEventPoint(id=1 ts=0 pos=0,0 scn=371.953,538.239 gbl=371.953,538.239 Released ellipse=(1x1 ∡ 0) vel=0,0 press=-371.953,-538.239 last=-371.953,-538.239 Δ 371.953,538.239) : no target window (:0, )
INFO         | Warning: skipping QEventPoint(id=1 ts=0 pos=0,0 scn=450.58,791.764 gbl=450.58,791.764 Released ellipse=(1x1 ∡ 0) vel=0,0 press=-450.58,-791.764 last=-450.58,-791.764 Δ 450.58,791.764) : no target window (:0, )
INFO         | Warning: skipping QEventPoint(id=1 ts=0 pos=0,0 scn=460.808,775.998 gbl=460.808,775.998 Released ellipse=(1x1 ∡ 0) vel=0,0 press=-460.808,-775.998 last=-460.808,-775.998 Δ 460.808,775.998) : no target window (:0, )
